<?xml version="1.0" encoding="UTF-8"?>
<!-- Generated by org.testng.reporters.JUnitReportReporter -->
<testsuite ignored="0" hostname="JLAPTOP" failures="0" tests="1" name="pruebang.selTest" time="3.151" errors="0" timestamp="03 Oct 2024 06:44:33 GMT" skipped="0">
  <testcase classname="pruebang.selTest" name="test01" time="3.151"/>
</testsuite> <!-- pruebang.selTest -->
